<?xml version="1.0" encoding="utf-8"?><testsuites name="pytest tests"><testsuite name="pytest" errors="0" failures="0" skipped="0" tests="23" time="4.624" timestamp="2026-09-13T00:44:44.145819+00:00" hostname="81f635a75946"><testcase classname="tests.test_audit_r1" name="test_potential_collapse[63-1]" time="0.004" /><testcase classname="tests.test_audit_r1" name="test_potential_collapse[62-2]" time="0.002" /><testcase classname="tests.test_audit_r1" name="test_potential_collapse[2-62]" time="0.002" /><testcase classname="tests.test_audit_r1" name="test_potential_collapse[64-0]" time="0.002" /><testcase classname="tests.test_audit_r1" name="test_potential_collapse[0-64]" time="0.002" /><testcase classname="tests.test_audit_r1" name="test_bad_dimensions_rejected[-1-2]" time="0.001" /><testcase classname="tests.test_audit_r1" name="test_bad_dimensions_rejected[0-0]" time="0.001" /><testcase classname="tests.test_audit_r1" name="test_bad_dimensions_rejected[2--1]" time="0.001" /><testcase classname="tests.test_audit_r1" name="test_tensor_shape_guard" time="0.001" /><testcase classname="tests.test_audit_r1" name="test_shared_encoder_can_be_asymmetric_and_negative" time="0.001" /><testcase classname="tests.test_audit_r1" name="test_triangle_and_zero_circulation" time="0.002" /><testcase classname="tests.test_audit_r1" name="test_linf_exact_directed_cycle" time="0.020" /><testcase classname="tests.test_audit_r1" name="test_potential_solver_recovery_and_cycle_residual" time="0.068" /><testcase classname="tests.test_audit_r1" name="test_grouped_split_keeps_reverse_pairs" time="0.011" /><testcase classname="tests.test_audit_r1" name="test_reverse_leakage_rejected" time="0.003" /><testcase classname="tests.test_audit_r1" name="test_landmark_resampling_preserves_triples" time="0.007" /><testcase classname="tests.test_audit_r1" name="test_landmark_absent_leaves_batch_unchanged" time="0.003" /><testcase classname="tests.test_audit_r1" name="test_cross_decoder_uses_declared_dimensions" time="0.003" /><testcase classname="tests.test_audit_r1" name="test_cross_l1_can_be_asymmetric" time="0.003" /><testcase classname="tests.test_audit_r1" name="test_dist2gnn_encoder_receives_gradient_after_repair" time="2.853" /><testcase classname="tests.test_audit_r1" name="test_legacy_entry_is_import_safe" time="0.003" /><testcase classname="tests.test_audit_r1" name="test_root_training_no_test_alias_validation" time="0.002" /><testcase classname="tests.test_audit_r1" name="test_test_labels_cannot_change_selected_epoch" time="0.102" /></testsuite></testsuites>